<?xml version="1.0" encoding="UTF-8"?>
<!-- Generated by org.testng.reporters.JUnitXMLReporter -->
<testsuite ignored="0" hostname="LTIN216577" failures="0" tests="1" name="ChromeTest" time="0.147" errors="0" timestamp="2023-05-04T11:56:50 IST">
  <testcase classname="com.minipro.alerts.HandleAlerts" name="@BeforeMethod setup" time="-1.683181610145E9">
    <failure type="org.testng.TestNGException" message="
Parameter &amp;apos;browser&amp;apos; is required by BeforeMethod on method setup but has not been marked @Optional or defined
in C:\Users\2276766\eclipse-workspace\MiniProject\testng.xml">
      <![CDATA[org.testng.TestNGException: 
Parameter 'browser' is required by BeforeMethod on method setup but has not been marked @Optional or defined
in C:\Users\2276766\eclipse-workspace\MiniProject\testng.xml
at java.base/java.util.ArrayList.forEach(ArrayList.java:1511)
... Removed 28 stack frames]]>
    </failure>
  </testcase> <!-- @BeforeMethod setup -->
  <testcase classname="com.minipro.alerts.HandleAlerts" name="@AfterMethod f" time="-1.683181610192E9">
    <skipped/>
  </testcase> <!-- @AfterMethod f -->
  <testcase classname="com.minipro.alerts.HandleAlerts" name="checkAlerts" time="0.0">
    <skipped/>
  </testcase> <!-- checkAlerts -->
</testsuite> <!-- ChromeTest -->
